<?xml version="1.0" encoding="UTF-8"?>
<!-- Generated by org.testng.reporters.JUnitXMLReporter -->
<testsuite hostname="akhi-air" ignored="2" name="finalautomation" tests="1" failures="0" timestamp="23 May 2017 18:07:52 GMT" time="0.063" errors="0">
  <testcase name="@BeforeMethod setup" time="0.0" classname="framework.CommonAPI">
    <failure type="org.testng.TestNGException" message="
Parameter &amp;apos;url&amp;apos; is required by BeforeMethod on method setup but has not been marked @Optional or defined
in /Users/akhi/Library/Caches/IntelliJIdea2017.1/temp-testng-customsuite.xml">
      <![CDATA[org.testng.TestNGException: 
Parameter 'url' is required by BeforeMethod on method setup but has not been marked @Optional or defined
in /Users/akhi/Library/Caches/IntelliJIdea2017.1/temp-testng-customsuite.xml
... Removed 23 stack frames]]>
    </failure>
  </testcase> <!-- @BeforeMethod setup -->
  <testcase name="@BeforeMethod setUpPageObject" time="0.0" classname="framework.AmazonCommonAPI">
    <skipped/>
  </testcase> <!-- @BeforeMethod setUpPageObject -->
  <testcase name="testTodaysDealLink" time="0.002" classname="tests.HomePageLinksTest">
    <skipped/>
  </testcase> <!-- testTodaysDealLink -->
  <testcase name="testHelpLink" time="0.0" classname="tests.HomePageLinksTest">
    <ignored/>
  </testcase> <!-- testHelpLink -->
  <testcase name="testCartLink" time="0.0" classname="tests.HomePageLinksTest">
    <ignored/>
  </testcase> <!-- testCartLink -->
</testsuite> <!-- finalautomation -->
