<?xml version="1.0" encoding="UTF-8"?>
<!-- Generated by org.testng.reporters.JUnitXMLReporter -->
<testsuite hostname="akhi-air" ignored="0" name="Home Page" tests="5" failures="0" timestamp="26 May 2017 00:58:50 GMT" time="55.112" errors="0">
  <testcase name="searchBags" time="3.163" classname="tests.HomePageTests"/>
  <testcase name="testMenLink" time="3.732" classname="tests.HomePageTests"/>
  <testcase name="testRunwayLink" time="3.165" classname="tests.HomePageTests"/>
  <testcase name="testWomenLink" time="2.488" classname="tests.HomePageTests"/>
  <testcase name="wrongUsernamePassword" time="4.017" classname="tests.HomePageTests"/>
</testsuite> <!-- Home Page -->
