<?xml version="1.0" encoding="UTF-8"?>
<!-- Generated by org.testng.reporters.JUnitXMLReporter -->
<testsuite hostname="akhi-air" ignored="2" name="Home Page" tests="1" failures="0" timestamp="24 May 2017 04:01:33 GMT" time="42.484" errors="0">
  <testcase name="searchFromMysqlDatabase" time="34.965" classname="tests.SearchTests"/>
  <testcase name="searchCamera" time="0.0" classname="tests.SearchTests">
    <ignored/>
  </testcase> <!-- searchCamera -->
  <testcase name="searchFromExcelData" time="0.0" classname="tests.SearchTests">
    <ignored/>
  </testcase> <!-- searchFromExcelData -->
</testsuite> <!-- Home Page -->
