<?xml version="1.0" encoding="UTF-8"?>
<!-- Generated by org.testng.reporters.JUnitXMLReporter -->
<testsuite hostname="akhi-air" ignored="0" name="Home Page" tests="4" failures="0" timestamp="24 May 2017 02:28:39 GMT" time="33.203" errors="0">
  <testcase name="testCartLink" time="2.591" classname="tests.HomePageLinksTest"/>
  <testcase name="testGiftRegistryLink" time="2.583" classname="tests.HomePageLinksTest"/>
  <testcase name="testHelpLink" time="1.767" classname="tests.HomePageLinksTest"/>
  <testcase name="testTodaysDealLink" time="3.786" classname="tests.HomePageLinksTest"/>
</testsuite> <!-- Home Page -->
