<?xml version="1.0" encoding="UTF-8"?>
<testng-results skipped="0" failed="0" ignored="0" total="4" passed="4">
  <reporter-output>
  </reporter-output>
  <suite name="Amazon test automation" duration-ms="33203" started-at="2017-05-24T02:28:06Z" finished-at="2017-05-24T02:28:39Z">
    <groups>
    </groups>
    <test name="Home Page" duration-ms="33203" started-at="2017-05-24T02:28:06Z" finished-at="2017-05-24T02:28:39Z">
      <class name="tests.HomePageLinksTest">
        <test-method status="PASS" signature="setup(java.lang.String, java.lang.String, java.lang.String, java.lang.String)[pri:0, instance:tests.HomePageLinksTest@79b4d0f]" name="setup" is-config="true" duration-ms="7241" started-at="2017-05-23T22:28:06Z" finished-at="2017-05-23T22:28:14Z">
          <params>
            <param index="0">
              <value>
                <![CDATA[https://www.amazon.com]]>
              </value>
            </param>
            <param index="1">
              <value>
                <![CDATA[chrome]]>
              </value>
            </param>
            <param index="2">
              <value>
                <![CDATA[mac]]>
              </value>
            </param>
            <param index="3">
              <value>
                <![CDATA[local]]>
              </value>
            </param>
          </params>
          <reporter-output>
          </reporter-output>
        </test-method> <!-- setup -->
        <test-method status="PASS" signature="setUpPageObject()[pri:0, instance:tests.HomePageLinksTest@79b4d0f]" name="setUpPageObject" is-config="true" duration-ms="43" started-at="2017-05-23T22:28:14Z" finished-at="2017-05-23T22:28:14Z">
          <reporter-output>
          </reporter-output>
        </test-method> <!-- setUpPageObject -->
        <test-method status="PASS" signature="testCartLink()[pri:0, instance:tests.HomePageLinksTest@79b4d0f]" name="testCartLink" duration-ms="2591" started-at="2017-05-23T22:28:14Z" finished-at="2017-05-23T22:28:16Z">
          <reporter-output>
          </reporter-output>
        </test-method> <!-- testCartLink -->
        <test-method status="PASS" signature="teardown(org.testng.ITestResult)[pri:0, instance:tests.HomePageLinksTest@79b4d0f]" name="teardown" is-config="true" duration-ms="110" started-at="2017-05-23T22:28:16Z" finished-at="2017-05-23T22:28:16Z">
          <params>
            <param index="0">
              <value>
                <![CDATA[[TestResult name=testCartLink status=SUCCESS method=HomePageLinksTest.testCartLink()[pri:0, instance:tests.HomePageLinksTest@79b4d0f] output={null}]]]>
              </value>
            </param>
          </params>
          <reporter-output>
          </reporter-output>
        </test-method> <!-- teardown -->
        <test-method status="PASS" signature="setup(java.lang.String, java.lang.String, java.lang.String, java.lang.String)[pri:0, instance:tests.HomePageLinksTest@79b4d0f]" name="setup" is-config="true" duration-ms="4899" started-at="2017-05-23T22:28:16Z" finished-at="2017-05-23T22:28:21Z">
          <params>
            <param index="0">
              <value>
                <![CDATA[https://www.amazon.com]]>
              </value>
            </param>
            <param index="1">
              <value>
                <![CDATA[chrome]]>
              </value>
            </param>
            <param index="2">
              <value>
                <![CDATA[mac]]>
              </value>
            </param>
            <param index="3">
              <value>
                <![CDATA[local]]>
              </value>
            </param>
          </params>
          <reporter-output>
          </reporter-output>
        </test-method> <!-- setup -->
        <test-method status="PASS" signature="setUpPageObject()[pri:0, instance:tests.HomePageLinksTest@79b4d0f]" name="setUpPageObject" is-config="true" duration-ms="1" started-at="2017-05-23T22:28:21Z" finished-at="2017-05-23T22:28:21Z">
          <reporter-output>
          </reporter-output>
        </test-method> <!-- setUpPageObject -->
        <test-method status="PASS" signature="testGiftRegistryLink()[pri:0, instance:tests.HomePageLinksTest@79b4d0f]" name="testGiftRegistryLink" duration-ms="2583" started-at="2017-05-23T22:28:21Z" finished-at="2017-05-23T22:28:24Z">
          <reporter-output>
          </reporter-output>
        </test-method> <!-- testGiftRegistryLink -->
        <test-method status="PASS" signature="teardown(org.testng.ITestResult)[pri:0, instance:tests.HomePageLinksTest@79b4d0f]" name="teardown" is-config="true" duration-ms="89" started-at="2017-05-23T22:28:24Z" finished-at="2017-05-23T22:28:24Z">
          <params>
            <param index="0">
              <value>
                <![CDATA[[TestResult name=testGiftRegistryLink status=SUCCESS method=HomePageLinksTest.testGiftRegistryLink()[pri:0, instance:tests.HomePageLinksTest@79b4d0f] output={null}]]]>
              </value>
            </param>
          </params>
          <reporter-output>
          </reporter-output>
        </test-method> <!-- teardown -->
        <test-method status="PASS" signature="setup(java.lang.String, java.lang.String, java.lang.String, java.lang.String)[pri:0, instance:tests.HomePageLinksTest@79b4d0f]" name="setup" is-config="true" duration-ms="4976" started-at="2017-05-23T22:28:24Z" finished-at="2017-05-23T22:28:29Z">
          <params>
            <param index="0">
              <value>
                <![CDATA[https://www.amazon.com]]>
              </value>
            </param>
            <param index="1">
              <value>
                <![CDATA[chrome]]>
              </value>
            </param>
            <param index="2">
              <value>
                <![CDATA[mac]]>
              </value>
            </param>
            <param index="3">
              <value>
                <![CDATA[local]]>
              </value>
            </param>
          </params>
          <reporter-output>
          </reporter-output>
        </test-method> <!-- setup -->
        <test-method status="PASS" signature="setUpPageObject()[pri:0, instance:tests.HomePageLinksTest@79b4d0f]" name="setUpPageObject" is-config="true" duration-ms="1" started-at="2017-05-23T22:28:29Z" finished-at="2017-05-23T22:28:29Z">
          <reporter-output>
          </reporter-output>
        </test-method> <!-- setUpPageObject -->
        <test-method status="PASS" signature="testHelpLink()[pri:0, instance:tests.HomePageLinksTest@79b4d0f]" name="testHelpLink" duration-ms="1767" started-at="2017-05-23T22:28:29Z" finished-at="2017-05-23T22:28:31Z">
          <reporter-output>
          </reporter-output>
        </test-method> <!-- testHelpLink -->
        <test-method status="PASS" signature="teardown(org.testng.ITestResult)[pri:0, instance:tests.HomePageLinksTest@79b4d0f]" name="teardown" is-config="true" duration-ms="91" started-at="2017-05-23T22:28:31Z" finished-at="2017-05-23T22:28:31Z">
          <params>
            <param index="0">
              <value>
                <![CDATA[[TestResult name=testHelpLink status=SUCCESS method=HomePageLinksTest.testHelpLink()[pri:0, instance:tests.HomePageLinksTest@79b4d0f] output={null}]]]>
              </value>
            </param>
          </params>
          <reporter-output>
          </reporter-output>
        </test-method> <!-- teardown -->
        <test-method status="PASS" signature="setup(java.lang.String, java.lang.String, java.lang.String, java.lang.String)[pri:0, instance:tests.HomePageLinksTest@79b4d0f]" name="setup" is-config="true" duration-ms="4906" started-at="2017-05-23T22:28:31Z" finished-at="2017-05-23T22:28:36Z">
          <params>
            <param index="0">
              <value>
                <![CDATA[https://www.amazon.com]]>
              </value>
            </param>
            <param index="1">
              <value>
                <![CDATA[chrome]]>
              </value>
            </param>
            <param index="2">
              <value>
                <![CDATA[mac]]>
              </value>
            </param>
            <param index="3">
              <value>
                <![CDATA[local]]>
              </value>
            </param>
          </params>
          <reporter-output>
          </reporter-output>
        </test-method> <!-- setup -->
        <test-method status="PASS" signature="setUpPageObject()[pri:0, instance:tests.HomePageLinksTest@79b4d0f]" name="setUpPageObject" is-config="true" duration-ms="1" started-at="2017-05-23T22:28:36Z" finished-at="2017-05-23T22:28:36Z">
          <reporter-output>
          </reporter-output>
        </test-method> <!-- setUpPageObject -->
        <test-method status="PASS" signature="testTodaysDealLink()[pri:0, instance:tests.HomePageLinksTest@79b4d0f]" name="testTodaysDealLink" duration-ms="3786" started-at="2017-05-23T22:28:36Z" finished-at="2017-05-23T22:28:39Z">
          <reporter-output>
          </reporter-output>
        </test-method> <!-- testTodaysDealLink -->
        <test-method status="PASS" signature="teardown(org.testng.ITestResult)[pri:0, instance:tests.HomePageLinksTest@79b4d0f]" name="teardown" is-config="true" duration-ms="88" started-at="2017-05-23T22:28:39Z" finished-at="2017-05-23T22:28:39Z">
          <params>
            <param index="0">
              <value>
                <![CDATA[[TestResult name=testTodaysDealLink status=SUCCESS method=HomePageLinksTest.testTodaysDealLink()[pri:0, instance:tests.HomePageLinksTest@79b4d0f] output={null}]]]>
              </value>
            </param>
          </params>
          <reporter-output>
          </reporter-output>
        </test-method> <!-- teardown -->
      </class> <!-- tests.HomePageLinksTest -->
    </test> <!-- Home Page -->
  </suite> <!-- Amazon test automation -->
</testng-results>
