<?xml version="1.0" encoding="UTF-8"?>
<testng-results skipped="0" failed="1" ignored="0" total="4" passed="3">
  <reporter-output>
  </reporter-output>
  <suite name="Amazon test automation" duration-ms="35540" started-at="2017-05-26T01:57:29Z" finished-at="2017-05-26T01:58:05Z">
    <groups>
    </groups>
    <test name="Home Page" duration-ms="35540" started-at="2017-05-26T01:57:29Z" finished-at="2017-05-26T01:58:05Z">
      <class name="tests.HomePageLinksTest">
        <test-method status="PASS" signature="setup(java.lang.String, java.lang.String, java.lang.String, java.lang.String)[pri:0, instance:tests.HomePageLinksTest@17550481]" name="setup" is-config="true" duration-ms="7138" started-at="2017-05-25T21:57:29Z" finished-at="2017-05-25T21:57:36Z">
          <params>
            <param index="0">
              <value>
                <![CDATA[https://www.amazon.com]]>
              </value>
            </param>
            <param index="1">
              <value>
                <![CDATA[chrome]]>
              </value>
            </param>
            <param index="2">
              <value>
                <![CDATA[mac]]>
              </value>
            </param>
            <param index="3">
              <value>
                <![CDATA[local]]>
              </value>
            </param>
          </params>
          <reporter-output>
          </reporter-output>
        </test-method> <!-- setup -->
        <test-method status="PASS" signature="setUpPageObject()[pri:0, instance:tests.HomePageLinksTest@17550481]" name="setUpPageObject" is-config="true" duration-ms="36" started-at="2017-05-25T21:57:36Z" finished-at="2017-05-25T21:57:36Z">
          <reporter-output>
          </reporter-output>
        </test-method> <!-- setUpPageObject -->
        <test-method status="PASS" signature="testCartLink()[pri:0, instance:tests.HomePageLinksTest@17550481]" name="testCartLink" duration-ms="2501" started-at="2017-05-25T21:57:36Z" finished-at="2017-05-25T21:57:39Z">
          <reporter-output>
          </reporter-output>
        </test-method> <!-- testCartLink -->
        <test-method status="PASS" signature="teardown(org.testng.ITestResult)[pri:0, instance:tests.HomePageLinksTest@17550481]" name="teardown" is-config="true" duration-ms="136" started-at="2017-05-25T21:57:39Z" finished-at="2017-05-25T21:57:39Z">
          <params>
            <param index="0">
              <value>
                <![CDATA[[TestResult name=testCartLink status=SUCCESS method=HomePageLinksTest.testCartLink()[pri:0, instance:tests.HomePageLinksTest@17550481] output={null}]]]>
              </value>
            </param>
          </params>
          <reporter-output>
          </reporter-output>
        </test-method> <!-- teardown -->
        <test-method status="PASS" signature="setup(java.lang.String, java.lang.String, java.lang.String, java.lang.String)[pri:0, instance:tests.HomePageLinksTest@17550481]" name="setup" is-config="true" duration-ms="4933" started-at="2017-05-25T21:57:39Z" finished-at="2017-05-25T21:57:44Z">
          <params>
            <param index="0">
              <value>
                <![CDATA[https://www.amazon.com]]>
              </value>
            </param>
            <param index="1">
              <value>
                <![CDATA[chrome]]>
              </value>
            </param>
            <param index="2">
              <value>
                <![CDATA[mac]]>
              </value>
            </param>
            <param index="3">
              <value>
                <![CDATA[local]]>
              </value>
            </param>
          </params>
          <reporter-output>
          </reporter-output>
        </test-method> <!-- setup -->
        <test-method status="PASS" signature="setUpPageObject()[pri:0, instance:tests.HomePageLinksTest@17550481]" name="setUpPageObject" is-config="true" duration-ms="2" started-at="2017-05-25T21:57:44Z" finished-at="2017-05-25T21:57:44Z">
          <reporter-output>
          </reporter-output>
        </test-method> <!-- setUpPageObject -->
        <test-method status="FAIL" signature="testGiftRegistryLink()[pri:0, instance:tests.HomePageLinksTest@17550481]" name="testGiftRegistryLink" duration-ms="2283" started-at="2017-05-25T21:57:44Z" finished-at="2017-05-25T21:57:46Z">
          <exception class="java.lang.AssertionError">
            <message>
              <![CDATA[expected [send a gift card by mail] but found [SEND A GIFT CARD BY MAIL]]]>
            </message>
            <full-stacktrace>
              <![CDATA[java.lang.AssertionError: expected [send a gift card by mail] but found [SEND A GIFT CARD BY MAIL]
	at org.testng.Assert.fail(Assert.java:93)
	at org.testng.Assert.failNotEquals(Assert.java:512)
	at org.testng.Assert.assertEqualsImpl(Assert.java:134)
	at org.testng.Assert.assertEquals(Assert.java:115)
	at org.testng.Assert.assertEquals(Assert.java:189)
	at org.testng.Assert.assertEquals(Assert.java:199)
	at tests.HomePageLinksTest.testGiftRegistryLink(HomePageLinksTest.java:51)
	at sun.reflect.NativeMethodAccessorImpl.invoke0(Native Method)
	at sun.reflect.NativeMethodAccessorImpl.invoke(NativeMethodAccessorImpl.java:62)
	at sun.reflect.DelegatingMethodAccessorImpl.invoke(DelegatingMethodAccessorImpl.java:43)
	at java.lang.reflect.Method.invoke(Method.java:498)
	at org.testng.internal.MethodInvocationHelper.invokeMethod(MethodInvocationHelper.java:108)
	at org.testng.internal.Invoker.invokeMethod(Invoker.java:661)
	at org.testng.internal.Invoker.invokeTestMethod(Invoker.java:869)
	at org.testng.internal.Invoker.invokeTestMethods(Invoker.java:1193)
	at org.testng.internal.TestMethodWorker.invokeTestMethods(TestMethodWorker.java:126)
	at org.testng.internal.TestMethodWorker.run(TestMethodWorker.java:109)
	at org.testng.TestRunner.privateRun(TestRunner.java:744)
	at org.testng.TestRunner.run(TestRunner.java:602)
	at org.testng.SuiteRunner.runTest(SuiteRunner.java:380)
	at org.testng.SuiteRunner.runSequentially(SuiteRunner.java:375)
	at org.testng.SuiteRunner.privateRun(SuiteRunner.java:340)
	at org.testng.SuiteRunner.run(SuiteRunner.java:289)
	at org.testng.SuiteRunnerWorker.runSuite(SuiteRunnerWorker.java:52)
	at org.testng.SuiteRunnerWorker.run(SuiteRunnerWorker.java:86)
	at org.testng.TestNG.runSuitesSequentially(TestNG.java:1301)
	at org.testng.TestNG.runSuitesLocally(TestNG.java:1226)
	at org.testng.TestNG.runSuites(TestNG.java:1144)
	at org.testng.TestNG.run(TestNG.java:1115)
	at org.testng.IDEARemoteTestNG.run(IDEARemoteTestNG.java:72)
	at org.testng.RemoteTestNGStarter.main(RemoteTestNGStarter.java:127)
]]>
            </full-stacktrace>
          </exception> <!-- java.lang.AssertionError -->
          <reporter-output>
          </reporter-output>
        </test-method> <!-- testGiftRegistryLink -->
        <test-method status="PASS" signature="teardown(org.testng.ITestResult)[pri:0, instance:tests.HomePageLinksTest@17550481]" name="teardown" is-config="true" duration-ms="588" started-at="2017-05-25T21:57:46Z" finished-at="2017-05-25T21:57:47Z">
          <params>
            <param index="0">
              <value>
                <![CDATA[[TestResult name=testGiftRegistryLink status=FAILURE method=HomePageLinksTest.testGiftRegistryLink()[pri:0, instance:tests.HomePageLinksTest@17550481] output={null}]]]>
              </value>
            </param>
          </params>
          <reporter-output>
          </reporter-output>
        </test-method> <!-- teardown -->
        <test-method status="PASS" signature="setup(java.lang.String, java.lang.String, java.lang.String, java.lang.String)[pri:0, instance:tests.HomePageLinksTest@17550481]" name="setup" is-config="true" duration-ms="5533" started-at="2017-05-25T21:57:47Z" finished-at="2017-05-25T21:57:52Z">
          <params>
            <param index="0">
              <value>
                <![CDATA[https://www.amazon.com]]>
              </value>
            </param>
            <param index="1">
              <value>
                <![CDATA[chrome]]>
              </value>
            </param>
            <param index="2">
              <value>
                <![CDATA[mac]]>
              </value>
            </param>
            <param index="3">
              <value>
                <![CDATA[local]]>
              </value>
            </param>
          </params>
          <reporter-output>
          </reporter-output>
        </test-method> <!-- setup -->
        <test-method status="PASS" signature="setUpPageObject()[pri:0, instance:tests.HomePageLinksTest@17550481]" name="setUpPageObject" is-config="true" duration-ms="1" started-at="2017-05-25T21:57:52Z" finished-at="2017-05-25T21:57:52Z">
          <reporter-output>
          </reporter-output>
        </test-method> <!-- setUpPageObject -->
        <test-method status="PASS" signature="testHelpLink()[pri:0, instance:tests.HomePageLinksTest@17550481]" name="testHelpLink" duration-ms="2415" started-at="2017-05-25T21:57:52Z" finished-at="2017-05-25T21:57:55Z">
          <reporter-output>
          </reporter-output>
        </test-method> <!-- testHelpLink -->
        <test-method status="PASS" signature="teardown(org.testng.ITestResult)[pri:0, instance:tests.HomePageLinksTest@17550481]" name="teardown" is-config="true" duration-ms="140" started-at="2017-05-25T21:57:55Z" finished-at="2017-05-25T21:57:55Z">
          <params>
            <param index="0">
              <value>
                <![CDATA[[TestResult name=testHelpLink status=SUCCESS method=HomePageLinksTest.testHelpLink()[pri:0, instance:tests.HomePageLinksTest@17550481] output={null}]]]>
              </value>
            </param>
          </params>
          <reporter-output>
          </reporter-output>
        </test-method> <!-- teardown -->
        <test-method status="PASS" signature="setup(java.lang.String, java.lang.String, java.lang.String, java.lang.String)[pri:0, instance:tests.HomePageLinksTest@17550481]" name="setup" is-config="true" duration-ms="5359" started-at="2017-05-25T21:57:55Z" finished-at="2017-05-25T21:58:00Z">
          <params>
            <param index="0">
              <value>
                <![CDATA[https://www.amazon.com]]>
              </value>
            </param>
            <param index="1">
              <value>
                <![CDATA[chrome]]>
              </value>
            </param>
            <param index="2">
              <value>
                <![CDATA[mac]]>
              </value>
            </param>
            <param index="3">
              <value>
                <![CDATA[local]]>
              </value>
            </param>
          </params>
          <reporter-output>
          </reporter-output>
        </test-method> <!-- setup -->
        <test-method status="PASS" signature="setUpPageObject()[pri:0, instance:tests.HomePageLinksTest@17550481]" name="setUpPageObject" is-config="true" duration-ms="1" started-at="2017-05-25T21:58:00Z" finished-at="2017-05-25T21:58:00Z">
          <reporter-output>
          </reporter-output>
        </test-method> <!-- setUpPageObject -->
        <test-method status="PASS" signature="testTodaysDealLink()[pri:0, instance:tests.HomePageLinksTest@17550481]" name="testTodaysDealLink" duration-ms="4302" started-at="2017-05-25T21:58:00Z" finished-at="2017-05-25T21:58:04Z">
          <reporter-output>
          </reporter-output>
        </test-method> <!-- testTodaysDealLink -->
        <test-method status="PASS" signature="teardown(org.testng.ITestResult)[pri:0, instance:tests.HomePageLinksTest@17550481]" name="teardown" is-config="true" duration-ms="130" started-at="2017-05-25T21:58:04Z" finished-at="2017-05-25T21:58:05Z">
          <params>
            <param index="0">
              <value>
                <![CDATA[[TestResult name=testTodaysDealLink status=SUCCESS method=HomePageLinksTest.testTodaysDealLink()[pri:0, instance:tests.HomePageLinksTest@17550481] output={null}]]]>
              </value>
            </param>
          </params>
          <reporter-output>
          </reporter-output>
        </test-method> <!-- teardown -->
      </class> <!-- tests.HomePageLinksTest -->
    </test> <!-- Home Page -->
  </suite> <!-- Amazon test automation -->
</testng-results>
