<?xml version="1.0" encoding="UTF-8"?>
<!-- Generated by org.testng.reporters.JUnitXMLReporter -->
<testsuite hostname="akhi-air" ignored="1" name="finalautomation" tests="1" failures="0" timestamp="22 May 2017 03:09:57 GMT" time="0.075" errors="0">
  <testcase name="@BeforeMethod setup" time="0.0" classname="framework.CommonAPI">
    <failure type="org.testng.TestNGException" message="
Parameter &amp;apos;url&amp;apos; is required by BeforeMethod on method setup but has not been marked @Optional or defined
in /Users/akhi/Library/Caches/IntelliJIdea2017.1/temp-testng-customsuite.xml">
      <![CDATA[org.testng.TestNGException: 
Parameter 'url' is required by BeforeMethod on method setup but has not been marked @Optional or defined
in /Users/akhi/Library/Caches/IntelliJIdea2017.1/temp-testng-customsuite.xml
... Removed 23 stack frames]]>
    </failure>
  </testcase> <!-- @BeforeMethod setup -->
  <testcase name="@BeforeMethod setupPageObjects" time="0.0" classname="framework.GucciCommonAPI">
    <skipped/>
  </testcase> <!-- @BeforeMethod setupPageObjects -->
  <testcase name="testRunwayLink" time="0.001" classname="tests.HomePageTests">
    <skipped/>
  </testcase> <!-- testRunwayLink -->
  <testcase name="testWomenLink" time="0.0" classname="tests.HomePageTests">
    <ignored/>
  </testcase> <!-- testWomenLink -->
</testsuite> <!-- finalautomation -->
