<?xml version="1.0" encoding="UTF-8"?>
<testng-results skipped="0" failed="0" ignored="0" total="5" passed="5">
  <reporter-output>
  </reporter-output>
  <suite name="Gucci test automation" duration-ms="55112" started-at="2017-05-26T00:57:55Z" finished-at="2017-05-26T00:58:50Z">
    <groups>
    </groups>
    <test name="Home Page" duration-ms="55112" started-at="2017-05-26T00:57:55Z" finished-at="2017-05-26T00:58:50Z">
      <class name="tests.HomePageTests">
        <test-method status="PASS" signature="setup(java.lang.String, java.lang.String, java.lang.String, java.lang.String)[pri:0, instance:tests.HomePageTests@17550481]" name="setup" is-config="true" duration-ms="10299" started-at="2017-05-25T20:57:55Z" finished-at="2017-05-25T20:58:05Z">
          <params>
            <param index="0">
              <value>
                <![CDATA[https://www.gucci.com]]>
              </value>
            </param>
            <param index="1">
              <value>
                <![CDATA[chrome]]>
              </value>
            </param>
            <param index="2">
              <value>
                <![CDATA[mac]]>
              </value>
            </param>
            <param index="3">
              <value>
                <![CDATA[local]]>
              </value>
            </param>
          </params>
          <reporter-output>
          </reporter-output>
        </test-method> <!-- setup -->
        <test-method status="PASS" signature="setupPageObjects()[pri:0, instance:tests.HomePageTests@17550481]" name="setupPageObjects" is-config="true" duration-ms="58" started-at="2017-05-25T20:58:05Z" finished-at="2017-05-25T20:58:05Z">
          <reporter-output>
          </reporter-output>
        </test-method> <!-- setupPageObjects -->
        <test-method status="PASS" signature="searchBags()[pri:0, instance:tests.HomePageTests@17550481]" name="searchBags" duration-ms="3163" started-at="2017-05-25T20:58:05Z" finished-at="2017-05-25T20:58:09Z">
          <reporter-output>
          </reporter-output>
        </test-method> <!-- searchBags -->
        <test-method status="PASS" signature="teardown(org.testng.ITestResult)[pri:0, instance:tests.HomePageTests@17550481]" name="teardown" is-config="true" duration-ms="118" started-at="2017-05-25T20:58:09Z" finished-at="2017-05-25T20:58:09Z">
          <params>
            <param index="0">
              <value>
                <![CDATA[[TestResult name=searchBags status=SUCCESS method=HomePageTests.searchBags()[pri:0, instance:tests.HomePageTests@17550481] output={null}]]]>
              </value>
            </param>
          </params>
          <reporter-output>
          </reporter-output>
        </test-method> <!-- teardown -->
        <test-method status="PASS" signature="setup(java.lang.String, java.lang.String, java.lang.String, java.lang.String)[pri:0, instance:tests.HomePageTests@17550481]" name="setup" is-config="true" duration-ms="6692" started-at="2017-05-25T20:58:09Z" finished-at="2017-05-25T20:58:15Z">
          <params>
            <param index="0">
              <value>
                <![CDATA[https://www.gucci.com]]>
              </value>
            </param>
            <param index="1">
              <value>
                <![CDATA[chrome]]>
              </value>
            </param>
            <param index="2">
              <value>
                <![CDATA[mac]]>
              </value>
            </param>
            <param index="3">
              <value>
                <![CDATA[local]]>
              </value>
            </param>
          </params>
          <reporter-output>
          </reporter-output>
        </test-method> <!-- setup -->
        <test-method status="PASS" signature="setupPageObjects()[pri:0, instance:tests.HomePageTests@17550481]" name="setupPageObjects" is-config="true" duration-ms="1" started-at="2017-05-25T20:58:15Z" finished-at="2017-05-25T20:58:15Z">
          <reporter-output>
          </reporter-output>
        </test-method> <!-- setupPageObjects -->
        <test-method status="PASS" signature="testMenLink()[pri:0, instance:tests.HomePageTests@17550481]" name="testMenLink" duration-ms="3732" started-at="2017-05-25T20:58:15Z" finished-at="2017-05-25T20:58:19Z">
          <reporter-output>
          </reporter-output>
        </test-method> <!-- testMenLink -->
        <test-method status="PASS" signature="teardown(org.testng.ITestResult)[pri:0, instance:tests.HomePageTests@17550481]" name="teardown" is-config="true" duration-ms="103" started-at="2017-05-25T20:58:19Z" finished-at="2017-05-25T20:58:19Z">
          <params>
            <param index="0">
              <value>
                <![CDATA[[TestResult name=testMenLink status=SUCCESS method=HomePageTests.testMenLink()[pri:0, instance:tests.HomePageTests@17550481] output={null}]]]>
              </value>
            </param>
          </params>
          <reporter-output>
          </reporter-output>
        </test-method> <!-- teardown -->
        <test-method status="PASS" signature="setup(java.lang.String, java.lang.String, java.lang.String, java.lang.String)[pri:0, instance:tests.HomePageTests@17550481]" name="setup" is-config="true" duration-ms="6908" started-at="2017-05-25T20:58:19Z" finished-at="2017-05-25T20:58:26Z">
          <params>
            <param index="0">
              <value>
                <![CDATA[https://www.gucci.com]]>
              </value>
            </param>
            <param index="1">
              <value>
                <![CDATA[chrome]]>
              </value>
            </param>
            <param index="2">
              <value>
                <![CDATA[mac]]>
              </value>
            </param>
            <param index="3">
              <value>
                <![CDATA[local]]>
              </value>
            </param>
          </params>
          <reporter-output>
          </reporter-output>
        </test-method> <!-- setup -->
        <test-method status="PASS" signature="setupPageObjects()[pri:0, instance:tests.HomePageTests@17550481]" name="setupPageObjects" is-config="true" duration-ms="1" started-at="2017-05-25T20:58:26Z" finished-at="2017-05-25T20:58:26Z">
          <reporter-output>
          </reporter-output>
        </test-method> <!-- setupPageObjects -->
        <test-method status="PASS" signature="testRunwayLink()[pri:0, instance:tests.HomePageTests@17550481]" name="testRunwayLink" duration-ms="3165" started-at="2017-05-25T20:58:26Z" finished-at="2017-05-25T20:58:29Z">
          <reporter-output>
          </reporter-output>
        </test-method> <!-- testRunwayLink -->
        <test-method status="PASS" signature="teardown(org.testng.ITestResult)[pri:0, instance:tests.HomePageTests@17550481]" name="teardown" is-config="true" duration-ms="90" started-at="2017-05-25T20:58:29Z" finished-at="2017-05-25T20:58:29Z">
          <params>
            <param index="0">
              <value>
                <![CDATA[[TestResult name=testRunwayLink status=SUCCESS method=HomePageTests.testRunwayLink()[pri:0, instance:tests.HomePageTests@17550481] output={null}]]]>
              </value>
            </param>
          </params>
          <reporter-output>
          </reporter-output>
        </test-method> <!-- teardown -->
        <test-method status="PASS" signature="setup(java.lang.String, java.lang.String, java.lang.String, java.lang.String)[pri:0, instance:tests.HomePageTests@17550481]" name="setup" is-config="true" duration-ms="7049" started-at="2017-05-25T20:58:29Z" finished-at="2017-05-25T20:58:36Z">
          <params>
            <param index="0">
              <value>
                <![CDATA[https://www.gucci.com]]>
              </value>
            </param>
            <param index="1">
              <value>
                <![CDATA[chrome]]>
              </value>
            </param>
            <param index="2">
              <value>
                <![CDATA[mac]]>
              </value>
            </param>
            <param index="3">
              <value>
                <![CDATA[local]]>
              </value>
            </param>
          </params>
          <reporter-output>
          </reporter-output>
        </test-method> <!-- setup -->
        <test-method status="PASS" signature="setupPageObjects()[pri:0, instance:tests.HomePageTests@17550481]" name="setupPageObjects" is-config="true" duration-ms="1" started-at="2017-05-25T20:58:36Z" finished-at="2017-05-25T20:58:36Z">
          <reporter-output>
          </reporter-output>
        </test-method> <!-- setupPageObjects -->
        <test-method status="PASS" signature="testWomenLink()[pri:0, instance:tests.HomePageTests@17550481]" name="testWomenLink" duration-ms="2488" started-at="2017-05-25T20:58:36Z" finished-at="2017-05-25T20:58:39Z">
          <reporter-output>
          </reporter-output>
        </test-method> <!-- testWomenLink -->
        <test-method status="PASS" signature="teardown(org.testng.ITestResult)[pri:0, instance:tests.HomePageTests@17550481]" name="teardown" is-config="true" duration-ms="98" started-at="2017-05-25T20:58:39Z" finished-at="2017-05-25T20:58:39Z">
          <params>
            <param index="0">
              <value>
                <![CDATA[[TestResult name=testWomenLink status=SUCCESS method=HomePageTests.testWomenLink()[pri:0, instance:tests.HomePageTests@17550481] output={null}]]]>
              </value>
            </param>
          </params>
          <reporter-output>
          </reporter-output>
        </test-method> <!-- teardown -->
        <test-method status="PASS" signature="setup(java.lang.String, java.lang.String, java.lang.String, java.lang.String)[pri:0, instance:tests.HomePageTests@17550481]" name="setup" is-config="true" duration-ms="6996" started-at="2017-05-25T20:58:39Z" finished-at="2017-05-25T20:58:46Z">
          <params>
            <param index="0">
              <value>
                <![CDATA[https://www.gucci.com]]>
              </value>
            </param>
            <param index="1">
              <value>
                <![CDATA[chrome]]>
              </value>
            </param>
            <param index="2">
              <value>
                <![CDATA[mac]]>
              </value>
            </param>
            <param index="3">
              <value>
                <![CDATA[local]]>
              </value>
            </param>
          </params>
          <reporter-output>
          </reporter-output>
        </test-method> <!-- setup -->
        <test-method status="PASS" signature="setupPageObjects()[pri:0, instance:tests.HomePageTests@17550481]" name="setupPageObjects" is-config="true" duration-ms="1" started-at="2017-05-25T20:58:46Z" finished-at="2017-05-25T20:58:46Z">
          <reporter-output>
          </reporter-output>
        </test-method> <!-- setupPageObjects -->
        <test-method status="PASS" signature="wrongUsernamePassword()[pri:0, instance:tests.HomePageTests@17550481]" name="wrongUsernamePassword" duration-ms="4017" started-at="2017-05-25T20:58:46Z" finished-at="2017-05-25T20:58:50Z">
          <reporter-output>
          </reporter-output>
        </test-method> <!-- wrongUsernamePassword -->
        <test-method status="PASS" signature="teardown(org.testng.ITestResult)[pri:0, instance:tests.HomePageTests@17550481]" name="teardown" is-config="true" duration-ms="96" started-at="2017-05-25T20:58:50Z" finished-at="2017-05-25T20:58:50Z">
          <params>
            <param index="0">
              <value>
                <![CDATA[[TestResult name=wrongUsernamePassword status=SUCCESS method=HomePageTests.wrongUsernamePassword()[pri:0, instance:tests.HomePageTests@17550481] output={null}]]]>
              </value>
            </param>
          </params>
          <reporter-output>
          </reporter-output>
        </test-method> <!-- teardown -->
      </class> <!-- tests.HomePageTests -->
    </test> <!-- Home Page -->
  </suite> <!-- Gucci test automation -->
</testng-results>
