<?xml version="1.0" encoding="UTF-8"?>
<!-- Generated by org.testng.reporters.JUnitXMLReporter -->
<testsuite hostname="akhi-air" ignored="0" name="Home Page" tests="3" failures="0" timestamp="26 May 2017 01:42:04 GMT" time="28.189" errors="0">
  <testcase name="testHealthCareLink" time="3.336" classname="tests.HomePageTest"/>
  <testcase name="testIndividualsFamLink" time="2.643" classname="tests.HomePageTest"/>
  <testcase name="testProducersLink" time="2.044" classname="tests.HomePageTest"/>
</testsuite> <!-- Home Page -->
